<?xml version="1.0" encoding="UTF-8"?>
<testsuite xmlns:xsi="http://www.w3.org/2001/XMLSchema-instance" xsi:noNamespaceSchemaLocation="https://maven.apache.org/surefire/maven-surefire-plugin/xsd/surefire-test-report.xsd" name="Test.MatchFilterIObjectTest" time="0" tests="1" errors="0" skipped="0" failures="0">
  <properties>
    <property name="sun.desktop" value="gnome"/>
    <property name="awt.toolkit" value="sun.awt.X11.XToolkit"/>
    <property name="java.specification.version" value="11"/>
    <property name="sun.cpu.isalist" value=""/>
    <property name="sun.jnu.encoding" value="UTF-8"/>
    <property name="java.class.path" value="/home/alberto/git/repository/TFG/target/test-classes:/home/alberto/git/repository/TFG/target/classes:/home/alberto/.m2/repository/junit/junit/4.11/junit-4.11.jar:/home/alberto/.m2/repository/org/hamcrest/hamcrest-core/1.3/hamcrest-core-1.3.jar:/home/alberto/.m2/repository/org/mongodb/mongodb-driver-sync/4.0.2/mongodb-driver-sync-4.0.2.jar:/home/alberto/.m2/repository/org/mongodb/bson/4.0.2/bson-4.0.2.jar:/home/alberto/.m2/repository/org/mongodb/mongodb-driver-core/4.0.2/mongodb-driver-core-4.0.2.jar:/home/alberto/.m2/repository/org/slf4j/slf4j-simple/1.7.30/slf4j-simple-1.7.30.jar:/home/alberto/.m2/repository/org/slf4j/slf4j-api/1.7.30/slf4j-api-1.7.30.jar:/home/alberto/.m2/repository/org/apache/hadoop/hadoop-hdfs-client/3.2.1/hadoop-hdfs-client-3.2.1.jar:/home/alberto/.m2/repository/com/squareup/okhttp/okhttp/2.7.5/okhttp-2.7.5.jar:/home/alberto/.m2/repository/com/squareup/okio/okio/1.6.0/okio-1.6.0.jar:/home/alberto/.m2/repository/com/fasterxml/jackson/core/jackson-annotations/2.9.8/jackson-annotations-2.9.8.jar:/home/alberto/.m2/repository/com/fasterxml/jackson/core/jackson-databind/2.9.8/jackson-databind-2.9.8.jar:/home/alberto/.m2/repository/com/fasterxml/jackson/core/jackson-core/2.9.8/jackson-core-2.9.8.jar:/home/alberto/.m2/repository/org/apache/hadoop/hadoop-client/3.2.1/hadoop-client-3.2.1.jar:/home/alberto/.m2/repository/org/apache/hadoop/hadoop-common/3.2.1/hadoop-common-3.2.1.jar:/home/alberto/.m2/repository/com/google/guava/guava/27.0-jre/guava-27.0-jre.jar:/home/alberto/.m2/repository/com/google/guava/failureaccess/1.0/failureaccess-1.0.jar:/home/alberto/.m2/repository/com/google/guava/listenablefuture/9999.0-empty-to-avoid-conflict-with-guava/listenablefuture-9999.0-empty-to-avoid-conflict-with-guava.jar:/home/alberto/.m2/repository/org/checkerframework/checker-qual/2.5.2/checker-qual-2.5.2.jar:/home/alberto/.m2/repository/com/google/errorprone/error_prone_annotations/2.2.0/error_prone_annotations-2.2.0.jar:/home/alberto/.m2/repository/com/google/j2objc/j2objc-annotations/1.1/j2objc-annotations-1.1.jar:/home/alberto/.m2/repository/org/codehaus/mojo/animal-sniffer-annotations/1.17/animal-sniffer-annotations-1.17.jar:/home/alberto/.m2/repository/commons-cli/commons-cli/1.2/commons-cli-1.2.jar:/home/alberto/.m2/repository/org/apache/commons/commons-math3/3.1.1/commons-math3-3.1.1.jar:/home/alberto/.m2/repository/org/apache/httpcomponents/httpclient/4.5.6/httpclient-4.5.6.jar:/home/alberto/.m2/repository/org/apache/httpcomponents/httpcore/4.4.10/httpcore-4.4.10.jar:/home/alberto/.m2/repository/commons-codec/commons-codec/1.11/commons-codec-1.11.jar:/home/alberto/.m2/repository/commons-io/commons-io/2.5/commons-io-2.5.jar:/home/alberto/.m2/repository/commons-net/commons-net/3.6/commons-net-3.6.jar:/home/alberto/.m2/repository/commons-collections/commons-collections/3.2.2/commons-collections-3.2.2.jar:/home/alberto/.m2/repository/org/eclipse/jetty/jetty-servlet/9.3.24.v20180605/jetty-servlet-9.3.24.v20180605.jar:/home/alberto/.m2/repository/org/eclipse/jetty/jetty-security/9.3.24.v20180605/jetty-security-9.3.24.v20180605.jar:/home/alberto/.m2/repository/org/eclipse/jetty/jetty-webapp/9.3.24.v20180605/jetty-webapp-9.3.24.v20180605.jar:/home/alberto/.m2/repository/org/eclipse/jetty/jetty-xml/9.3.24.v20180605/jetty-xml-9.3.24.v20180605.jar:/home/alberto/.m2/repository/javax/servlet/jsp/jsp-api/2.1/jsp-api-2.1.jar:/home/alberto/.m2/repository/com/sun/jersey/jersey-servlet/1.19/jersey-servlet-1.19.jar:/home/alberto/.m2/repository/commons-beanutils/commons-beanutils/1.9.3/commons-beanutils-1.9.3.jar:/home/alberto/.m2/repository/org/apache/commons/commons-configuration2/2.1.1/commons-configuration2-2.1.1.jar:/home/alberto/.m2/repository/org/apache/commons/commons-lang3/3.7/commons-lang3-3.7.jar:/home/alberto/.m2/repository/org/apache/commons/commons-text/1.4/commons-text-1.4.jar:/home/alberto/.m2/repository/org/apache/avro/avro/1.7.7/avro-1.7.7.jar:/home/alberto/.m2/repository/org/codehaus/jackson/jackson-core-asl/1.9.13/jackson-core-asl-1.9.13.jar:/home/alberto/.m2/repository/org/codehaus/jackson/jackson-mapper-asl/1.9.13/jackson-mapper-asl-1.9.13.jar:/home/alberto/.m2/repository/com/thoughtworks/paranamer/paranamer/2.3/paranamer-2.3.jar:/home/alberto/.m2/repository/org/xerial/snappy/snappy-java/1.0.5/snappy-java-1.0.5.jar:/home/alberto/.m2/repository/com/google/re2j/re2j/1.1/re2j-1.1.jar:/home/alberto/.m2/repository/com/google/protobuf/protobuf-java/2.5.0/protobuf-java-2.5.0.jar:/home/alberto/.m2/repository/com/google/code/gson/gson/2.2.4/gson-2.2.4.jar:/home/alberto/.m2/repository/org/apache/hadoop/hadoop-auth/3.2.1/hadoop-auth-3.2.1.jar:/home/alberto/.m2/repository/com/nimbusds/nimbus-jose-jwt/4.41.1/nimbus-jose-jwt-4.41.1.jar:/home/alberto/.m2/repository/com/github/stephenc/jcip/jcip-annotations/1.0-1/jcip-annotations-1.0-1.jar:/home/alberto/.m2/repository/net/minidev/json-smart/2.3/json-smart-2.3.jar:/home/alberto/.m2/repository/net/minidev/accessors-smart/1.2/accessors-smart-1.2.jar:/home/alberto/.m2/repository/org/ow2/asm/asm/5.0.4/asm-5.0.4.jar:/home/alberto/.m2/repository/org/apache/curator/curator-framework/2.13.0/curator-framework-2.13.0.jar:/home/alberto/.m2/repository/org/apache/curator/curator-client/2.13.0/curator-client-2.13.0.jar:/home/alberto/.m2/repository/org/apache/curator/curator-recipes/2.13.0/curator-recipes-2.13.0.jar:/home/alberto/.m2/repository/com/google/code/findbugs/jsr305/3.0.0/jsr305-3.0.0.jar:/home/alberto/.m2/repository/org/apache/htrace/htrace-core4/4.1.0-incubating/htrace-core4-4.1.0-incubating.jar:/home/alberto/.m2/repository/org/apache/commons/commons-compress/1.18/commons-compress-1.18.jar:/home/alberto/.m2/repository/org/apache/kerby/kerb-simplekdc/1.0.1/kerb-simplekdc-1.0.1.jar:/home/alberto/.m2/repository/org/apache/kerby/kerb-client/1.0.1/kerb-client-1.0.1.jar:/home/alberto/.m2/repository/org/apache/kerby/kerby-config/1.0.1/kerby-config-1.0.1.jar:/home/alberto/.m2/repository/org/apache/kerby/kerb-core/1.0.1/kerb-core-1.0.1.jar:/home/alberto/.m2/repository/org/apache/kerby/kerby-pkix/1.0.1/kerby-pkix-1.0.1.jar:/home/alberto/.m2/repository/org/apache/kerby/kerby-asn1/1.0.1/kerby-asn1-1.0.1.jar:/home/alberto/.m2/repository/org/apache/kerby/kerby-util/1.0.1/kerby-util-1.0.1.jar:/home/alberto/.m2/repository/org/apache/kerby/kerb-common/1.0.1/kerb-common-1.0.1.jar:/home/alberto/.m2/repository/org/apache/kerby/kerb-crypto/1.0.1/kerb-crypto-1.0.1.jar:/home/alberto/.m2/repository/org/apache/kerby/kerb-util/1.0.1/kerb-util-1.0.1.jar:/home/alberto/.m2/repository/org/apache/kerby/token-provider/1.0.1/token-provider-1.0.1.jar:/home/alberto/.m2/repository/org/apache/kerby/kerb-admin/1.0.1/kerb-admin-1.0.1.jar:/home/alberto/.m2/repository/org/apache/kerby/kerb-server/1.0.1/kerb-server-1.0.1.jar:/home/alberto/.m2/repository/org/apache/kerby/kerb-identity/1.0.1/kerb-identity-1.0.1.jar:/home/alberto/.m2/repository/org/apache/kerby/kerby-xdr/1.0.1/kerby-xdr-1.0.1.jar:/home/alberto/.m2/repository/org/codehaus/woodstox/stax2-api/3.1.4/stax2-api-3.1.4.jar:/home/alberto/.m2/repository/com/fasterxml/woodstox/woodstox-core/5.0.3/woodstox-core-5.0.3.jar:/home/alberto/.m2/repository/dnsjava/dnsjava/2.1.7/dnsjava-2.1.7.jar:/home/alberto/.m2/repository/org/apache/hadoop/hadoop-yarn-api/3.2.1/hadoop-yarn-api-3.2.1.jar:/home/alberto/.m2/repository/javax/xml/bind/jaxb-api/2.2.11/jaxb-api-2.2.11.jar:/home/alberto/.m2/repository/org/apache/hadoop/hadoop-yarn-client/3.2.1/hadoop-yarn-client-3.2.1.jar:/home/alberto/.m2/repository/org/apache/hadoop/hadoop-mapreduce-client-core/3.2.1/hadoop-mapreduce-client-core-3.2.1.jar:/home/alberto/.m2/repository/org/apache/hadoop/hadoop-yarn-common/3.2.1/hadoop-yarn-common-3.2.1.jar:/home/alberto/.m2/repository/javax/servlet/javax.servlet-api/3.1.0/javax.servlet-api-3.1.0.jar:/home/alberto/.m2/repository/org/eclipse/jetty/jetty-util/9.3.24.v20180605/jetty-util-9.3.24.v20180605.jar:/home/alberto/.m2/repository/com/sun/jersey/jersey-core/1.19/jersey-core-1.19.jar:/home/alberto/.m2/repository/javax/ws/rs/jsr311-api/1.1.1/jsr311-api-1.1.1.jar:/home/alberto/.m2/repository/com/sun/jersey/jersey-client/1.19/jersey-client-1.19.jar:/home/alberto/.m2/repository/com/fasterxml/jackson/module/jackson-module-jaxb-annotations/2.9.8/jackson-module-jaxb-annotations-2.9.8.jar:/home/alberto/.m2/repository/com/fasterxml/jackson/jaxrs/jackson-jaxrs-json-provider/2.9.8/jackson-jaxrs-json-provider-2.9.8.jar:/home/alberto/.m2/repository/com/fasterxml/jackson/jaxrs/jackson-jaxrs-base/2.9.8/jackson-jaxrs-base-2.9.8.jar:/home/alberto/.m2/repository/org/apache/hadoop/hadoop-mapreduce-client-jobclient/3.2.1/hadoop-mapreduce-client-jobclient-3.2.1.jar:/home/alberto/.m2/repository/org/apache/hadoop/hadoop-mapreduce-client-common/3.2.1/hadoop-mapreduce-client-common-3.2.1.jar:/home/alberto/.m2/repository/org/apache/hadoop/hadoop-annotations/3.2.1/hadoop-annotations-3.2.1.jar:/home/alberto/.m2/repository/bsf/bsf/2.4.0/bsf-2.4.0.jar:/home/alberto/.m2/repository/commons-logging/commons-logging/1.0.4/commons-logging-1.0.4.jar:/home/alberto/.m2/repository/org/pentaho/reporting/library/libdocbundle/8.0-SNAPSHOT/libdocbundle-8.0-SNAPSHOT.jar:/home/alberto/.m2/repository/org/pentaho/reporting/library/libfonts/8.0-SNAPSHOT/libfonts-8.0-SNAPSHOT.jar:/home/alberto/.m2/repository/com/lowagie/itext/2.1.7/itext-2.1.7.jar:/home/alberto/.m2/repository/org/pentaho/reporting/library/libformat/8.0-SNAPSHOT/libformat-8.0-SNAPSHOT.jar:/home/alberto/.m2/repository/org/pentaho/reporting/library/libformula/8.0-SNAPSHOT/libformula-8.0-SNAPSHOT.jar:/home/alberto/.m2/repository/org/pentaho/reporting/library/libloader/8.0-SNAPSHOT/libloader-8.0-SNAPSHOT.jar:/home/alberto/.m2/repository/org/pentaho/reporting/library/libpixie/8.0-SNAPSHOT/libpixie-8.0-SNAPSHOT.jar:/home/alberto/.m2/repository/org/apache/xmlgraphics/batik-anim/1.9.1/batik-anim-1.9.1.jar:/home/alberto/.m2/repository/org/apache/xmlgraphics/batik-awt-util/1.9.1/batik-awt-util-1.9.1.jar:/home/alberto/.m2/repository/org/apache/xmlgraphics/batik-bridge/1.9.1/batik-bridge-1.9.1.jar:/home/alberto/.m2/repository/org/apache/xmlgraphics/batik-css/1.9.1/batik-css-1.9.1.jar:/home/alberto/.m2/repository/org/apache/xmlgraphics/batik-dom/1.9.1/batik-dom-1.9.1.jar:/home/alberto/.m2/repository/org/apache/xmlgraphics/batik-ext/1.9.1/batik-ext-1.9.1.jar:/home/alberto/.m2/repository/org/apache/xmlgraphics/batik-gui-util/1.9.1/batik-gui-util-1.9.1.jar:/home/alberto/.m2/repository/org/apache/xmlgraphics/batik-gvt/1.9.1/batik-gvt-1.9.1.jar:/home/alberto/.m2/repository/org/apache/xmlgraphics/batik-parser/1.9.1/batik-parser-1.9.1.jar:/home/alberto/.m2/repository/org/apache/xmlgraphics/batik-script/1.9.1/batik-script-1.9.1.jar:/home/alberto/.m2/repository/org/apache/xmlgraphics/batik-svg-dom/1.9.1/batik-svg-dom-1.9.1.jar:/home/alberto/.m2/repository/org/apache/xmlgraphics/batik-util/1.9.1/batik-util-1.9.1.jar:/home/alberto/.m2/repository/org/apache/xmlgraphics/batik-xml/1.9.1/batik-xml-1.9.1.jar:/home/alberto/.m2/repository/org/apache/xmlgraphics/batik-codec/1.9.1/batik-codec-1.9.1.jar:/home/alberto/.m2/repository/org/apache/xmlgraphics/batik-transcoder/1.9.1/batik-transcoder-1.9.1.jar:/home/alberto/.m2/repository/org/apache/xmlgraphics/batik-constants/1.9.1/batik-constants-1.9.1.jar:/home/alberto/.m2/repository/org/apache/xmlgraphics/batik-i18n/1.9.1/batik-i18n-1.9.1.jar:/home/alberto/.m2/repository/xml-apis/xml-apis-ext/1.3.04/xml-apis-ext-1.3.04.jar:/home/alberto/.m2/repository/rhino/js/1.7R3/js-1.7R3.jar:/home/alberto/.m2/repository/net/sf/ehcache/ehcache-core/2.5.1/ehcache-core-2.5.1.jar:/home/alberto/.m2/repository/org/apache/xmlgraphics/xmlgraphics-commons/2.2/xmlgraphics-commons-2.2.jar:/home/alberto/.m2/repository/org/pentaho/reporting/library/librepository/8.0-SNAPSHOT/librepository-8.0-SNAPSHOT.jar:/home/alberto/.m2/repository/javax/mail/mail/1.4.7/mail-1.4.7.jar:/home/alberto/.m2/repository/org/pentaho/reporting/library/libserializer/8.0-SNAPSHOT/libserializer-8.0-SNAPSHOT.jar:/home/alberto/.m2/repository/org/pentaho/reporting/library/libxml/8.0-SNAPSHOT/libxml-8.0-SNAPSHOT.jar:/home/alberto/.m2/repository/org/pentaho/reporting/library/libbase/8.0-SNAPSHOT/libbase-8.0-SNAPSHOT.jar:/home/alberto/.m2/repository/pentaho-reporting-engine/pentaho-reporting-engine-classic-extensions/7.1-QAT-217/pentaho-reporting-engine-classic-extensions-7.1-QAT-217.jar:/home/alberto/.m2/repository/pentaho-reporting-engine/pentaho-reporting-engine-classic-core/7.1-QAT-217/pentaho-reporting-engine-classic-core-7.1-QAT-217.jar:/home/alberto/.m2/repository/pentaho-reporting-engine/pentaho-reporting-engine-legacy-charts/7.0.0.6-95/pentaho-reporting-engine-legacy-charts-7.0.0.6-95.jar:/home/alberto/.m2/repository/org/jfree/jfreechart/1.0.19/jfreechart-1.0.19.jar:/home/alberto/.m2/repository/org/jfree/jcommon/1.0.23/jcommon-1.0.23.jar:"/>
    <property name="java.vm.vendor" value="Ubuntu"/>
    <property name="sun.arch.data.model" value="64"/>
    <property name="java.vendor.url" value="https://ubuntu.com/"/>
    <property name="user.timezone" value=""/>
    <property name="java.vm.specification.version" value="11"/>
    <property name="os.name" value="Linux"/>
    <property name="sun.java.launcher" value="SUN_STANDARD"/>
    <property name="user.country" value="ES"/>
    <property name="sun.boot.library.path" value="/usr/lib/jvm/java-11-openjdk-amd64/lib"/>
    <property name="sun.java.command" value="/home/alberto/git/repository/TFG/target/surefire/surefirebooter10075708692792864215.jar /home/alberto/git/repository/TFG/target/surefire 2020-08-25T14-43-17_496-jvmRun1 surefire13816842159110914996tmp surefire_013826217330174836763tmp"/>
    <property name="jdk.debug" value="release"/>
    <property name="surefire.test.class.path" value="/home/alberto/git/repository/TFG/target/test-classes:/home/alberto/git/repository/TFG/target/classes:/home/alberto/.m2/repository/junit/junit/4.11/junit-4.11.jar:/home/alberto/.m2/repository/org/hamcrest/hamcrest-core/1.3/hamcrest-core-1.3.jar:/home/alberto/.m2/repository/org/mongodb/mongodb-driver-sync/4.0.2/mongodb-driver-sync-4.0.2.jar:/home/alberto/.m2/repository/org/mongodb/bson/4.0.2/bson-4.0.2.jar:/home/alberto/.m2/repository/org/mongodb/mongodb-driver-core/4.0.2/mongodb-driver-core-4.0.2.jar:/home/alberto/.m2/repository/org/slf4j/slf4j-simple/1.7.30/slf4j-simple-1.7.30.jar:/home/alberto/.m2/repository/org/slf4j/slf4j-api/1.7.30/slf4j-api-1.7.30.jar:/home/alberto/.m2/repository/org/apache/hadoop/hadoop-hdfs-client/3.2.1/hadoop-hdfs-client-3.2.1.jar:/home/alberto/.m2/repository/com/squareup/okhttp/okhttp/2.7.5/okhttp-2.7.5.jar:/home/alberto/.m2/repository/com/squareup/okio/okio/1.6.0/okio-1.6.0.jar:/home/alberto/.m2/repository/com/fasterxml/jackson/core/jackson-annotations/2.9.8/jackson-annotations-2.9.8.jar:/home/alberto/.m2/repository/com/fasterxml/jackson/core/jackson-databind/2.9.8/jackson-databind-2.9.8.jar:/home/alberto/.m2/repository/com/fasterxml/jackson/core/jackson-core/2.9.8/jackson-core-2.9.8.jar:/home/alberto/.m2/repository/org/apache/hadoop/hadoop-client/3.2.1/hadoop-client-3.2.1.jar:/home/alberto/.m2/repository/org/apache/hadoop/hadoop-common/3.2.1/hadoop-common-3.2.1.jar:/home/alberto/.m2/repository/com/google/guava/guava/27.0-jre/guava-27.0-jre.jar:/home/alberto/.m2/repository/com/google/guava/failureaccess/1.0/failureaccess-1.0.jar:/home/alberto/.m2/repository/com/google/guava/listenablefuture/9999.0-empty-to-avoid-conflict-with-guava/listenablefuture-9999.0-empty-to-avoid-conflict-with-guava.jar:/home/alberto/.m2/repository/org/checkerframework/checker-qual/2.5.2/checker-qual-2.5.2.jar:/home/alberto/.m2/repository/com/google/errorprone/error_prone_annotations/2.2.0/error_prone_annotations-2.2.0.jar:/home/alberto/.m2/repository/com/google/j2objc/j2objc-annotations/1.1/j2objc-annotations-1.1.jar:/home/alberto/.m2/repository/org/codehaus/mojo/animal-sniffer-annotations/1.17/animal-sniffer-annotations-1.17.jar:/home/alberto/.m2/repository/commons-cli/commons-cli/1.2/commons-cli-1.2.jar:/home/alberto/.m2/repository/org/apache/commons/commons-math3/3.1.1/commons-math3-3.1.1.jar:/home/alberto/.m2/repository/org/apache/httpcomponents/httpclient/4.5.6/httpclient-4.5.6.jar:/home/alberto/.m2/repository/org/apache/httpcomponents/httpcore/4.4.10/httpcore-4.4.10.jar:/home/alberto/.m2/repository/commons-codec/commons-codec/1.11/commons-codec-1.11.jar:/home/alberto/.m2/repository/commons-io/commons-io/2.5/commons-io-2.5.jar:/home/alberto/.m2/repository/commons-net/commons-net/3.6/commons-net-3.6.jar:/home/alberto/.m2/repository/commons-collections/commons-collections/3.2.2/commons-collections-3.2.2.jar:/home/alberto/.m2/repository/org/eclipse/jetty/jetty-servlet/9.3.24.v20180605/jetty-servlet-9.3.24.v20180605.jar:/home/alberto/.m2/repository/org/eclipse/jetty/jetty-security/9.3.24.v20180605/jetty-security-9.3.24.v20180605.jar:/home/alberto/.m2/repository/org/eclipse/jetty/jetty-webapp/9.3.24.v20180605/jetty-webapp-9.3.24.v20180605.jar:/home/alberto/.m2/repository/org/eclipse/jetty/jetty-xml/9.3.24.v20180605/jetty-xml-9.3.24.v20180605.jar:/home/alberto/.m2/repository/javax/servlet/jsp/jsp-api/2.1/jsp-api-2.1.jar:/home/alberto/.m2/repository/com/sun/jersey/jersey-servlet/1.19/jersey-servlet-1.19.jar:/home/alberto/.m2/repository/commons-beanutils/commons-beanutils/1.9.3/commons-beanutils-1.9.3.jar:/home/alberto/.m2/repository/org/apache/commons/commons-configuration2/2.1.1/commons-configuration2-2.1.1.jar:/home/alberto/.m2/repository/org/apache/commons/commons-lang3/3.7/commons-lang3-3.7.jar:/home/alberto/.m2/repository/org/apache/commons/commons-text/1.4/commons-text-1.4.jar:/home/alberto/.m2/repository/org/apache/avro/avro/1.7.7/avro-1.7.7.jar:/home/alberto/.m2/repository/org/codehaus/jackson/jackson-core-asl/1.9.13/jackson-core-asl-1.9.13.jar:/home/alberto/.m2/repository/org/codehaus/jackson/jackson-mapper-asl/1.9.13/jackson-mapper-asl-1.9.13.jar:/home/alberto/.m2/repository/com/thoughtworks/paranamer/paranamer/2.3/paranamer-2.3.jar:/home/alberto/.m2/repository/org/xerial/snappy/snappy-java/1.0.5/snappy-java-1.0.5.jar:/home/alberto/.m2/repository/com/google/re2j/re2j/1.1/re2j-1.1.jar:/home/alberto/.m2/repository/com/google/protobuf/protobuf-java/2.5.0/protobuf-java-2.5.0.jar:/home/alberto/.m2/repository/com/google/code/gson/gson/2.2.4/gson-2.2.4.jar:/home/alberto/.m2/repository/org/apache/hadoop/hadoop-auth/3.2.1/hadoop-auth-3.2.1.jar:/home/alberto/.m2/repository/com/nimbusds/nimbus-jose-jwt/4.41.1/nimbus-jose-jwt-4.41.1.jar:/home/alberto/.m2/repository/com/github/stephenc/jcip/jcip-annotations/1.0-1/jcip-annotations-1.0-1.jar:/home/alberto/.m2/repository/net/minidev/json-smart/2.3/json-smart-2.3.jar:/home/alberto/.m2/repository/net/minidev/accessors-smart/1.2/accessors-smart-1.2.jar:/home/alberto/.m2/repository/org/ow2/asm/asm/5.0.4/asm-5.0.4.jar:/home/alberto/.m2/repository/org/apache/curator/curator-framework/2.13.0/curator-framework-2.13.0.jar:/home/alberto/.m2/repository/org/apache/curator/curator-client/2.13.0/curator-client-2.13.0.jar:/home/alberto/.m2/repository/org/apache/curator/curator-recipes/2.13.0/curator-recipes-2.13.0.jar:/home/alberto/.m2/repository/com/google/code/findbugs/jsr305/3.0.0/jsr305-3.0.0.jar:/home/alberto/.m2/repository/org/apache/htrace/htrace-core4/4.1.0-incubating/htrace-core4-4.1.0-incubating.jar:/home/alberto/.m2/repository/org/apache/commons/commons-compress/1.18/commons-compress-1.18.jar:/home/alberto/.m2/repository/org/apache/kerby/kerb-simplekdc/1.0.1/kerb-simplekdc-1.0.1.jar:/home/alberto/.m2/repository/org/apache/kerby/kerb-client/1.0.1/kerb-client-1.0.1.jar:/home/alberto/.m2/repository/org/apache/kerby/kerby-config/1.0.1/kerby-config-1.0.1.jar:/home/alberto/.m2/repository/org/apache/kerby/kerb-core/1.0.1/kerb-core-1.0.1.jar:/home/alberto/.m2/repository/org/apache/kerby/kerby-pkix/1.0.1/kerby-pkix-1.0.1.jar:/home/alberto/.m2/repository/org/apache/kerby/kerby-asn1/1.0.1/kerby-asn1-1.0.1.jar:/home/alberto/.m2/repository/org/apache/kerby/kerby-util/1.0.1/kerby-util-1.0.1.jar:/home/alberto/.m2/repository/org/apache/kerby/kerb-common/1.0.1/kerb-common-1.0.1.jar:/home/alberto/.m2/repository/org/apache/kerby/kerb-crypto/1.0.1/kerb-crypto-1.0.1.jar:/home/alberto/.m2/repository/org/apache/kerby/kerb-util/1.0.1/kerb-util-1.0.1.jar:/home/alberto/.m2/repository/org/apache/kerby/token-provider/1.0.1/token-provider-1.0.1.jar:/home/alberto/.m2/repository/org/apache/kerby/kerb-admin/1.0.1/kerb-admin-1.0.1.jar:/home/alberto/.m2/repository/org/apache/kerby/kerb-server/1.0.1/kerb-server-1.0.1.jar:/home/alberto/.m2/repository/org/apache/kerby/kerb-identity/1.0.1/kerb-identity-1.0.1.jar:/home/alberto/.m2/repository/org/apache/kerby/kerby-xdr/1.0.1/kerby-xdr-1.0.1.jar:/home/alberto/.m2/repository/org/codehaus/woodstox/stax2-api/3.1.4/stax2-api-3.1.4.jar:/home/alberto/.m2/repository/com/fasterxml/woodstox/woodstox-core/5.0.3/woodstox-core-5.0.3.jar:/home/alberto/.m2/repository/dnsjava/dnsjava/2.1.7/dnsjava-2.1.7.jar:/home/alberto/.m2/repository/org/apache/hadoop/hadoop-yarn-api/3.2.1/hadoop-yarn-api-3.2.1.jar:/home/alberto/.m2/repository/javax/xml/bind/jaxb-api/2.2.11/jaxb-api-2.2.11.jar:/home/alberto/.m2/repository/org/apache/hadoop/hadoop-yarn-client/3.2.1/hadoop-yarn-client-3.2.1.jar:/home/alberto/.m2/repository/org/apache/hadoop/hadoop-mapreduce-client-core/3.2.1/hadoop-mapreduce-client-core-3.2.1.jar:/home/alberto/.m2/repository/org/apache/hadoop/hadoop-yarn-common/3.2.1/hadoop-yarn-common-3.2.1.jar:/home/alberto/.m2/repository/javax/servlet/javax.servlet-api/3.1.0/javax.servlet-api-3.1.0.jar:/home/alberto/.m2/repository/org/eclipse/jetty/jetty-util/9.3.24.v20180605/jetty-util-9.3.24.v20180605.jar:/home/alberto/.m2/repository/com/sun/jersey/jersey-core/1.19/jersey-core-1.19.jar:/home/alberto/.m2/repository/javax/ws/rs/jsr311-api/1.1.1/jsr311-api-1.1.1.jar:/home/alberto/.m2/repository/com/sun/jersey/jersey-client/1.19/jersey-client-1.19.jar:/home/alberto/.m2/repository/com/fasterxml/jackson/module/jackson-module-jaxb-annotations/2.9.8/jackson-module-jaxb-annotations-2.9.8.jar:/home/alberto/.m2/repository/com/fasterxml/jackson/jaxrs/jackson-jaxrs-json-provider/2.9.8/jackson-jaxrs-json-provider-2.9.8.jar:/home/alberto/.m2/repository/com/fasterxml/jackson/jaxrs/jackson-jaxrs-base/2.9.8/jackson-jaxrs-base-2.9.8.jar:/home/alberto/.m2/repository/org/apache/hadoop/hadoop-mapreduce-client-jobclient/3.2.1/hadoop-mapreduce-client-jobclient-3.2.1.jar:/home/alberto/.m2/repository/org/apache/hadoop/hadoop-mapreduce-client-common/3.2.1/hadoop-mapreduce-client-common-3.2.1.jar:/home/alberto/.m2/repository/org/apache/hadoop/hadoop-annotations/3.2.1/hadoop-annotations-3.2.1.jar:/home/alberto/.m2/repository/bsf/bsf/2.4.0/bsf-2.4.0.jar:/home/alberto/.m2/repository/commons-logging/commons-logging/1.0.4/commons-logging-1.0.4.jar:/home/alberto/.m2/repository/org/pentaho/reporting/library/libdocbundle/8.0-SNAPSHOT/libdocbundle-8.0-SNAPSHOT.jar:/home/alberto/.m2/repository/org/pentaho/reporting/library/libfonts/8.0-SNAPSHOT/libfonts-8.0-SNAPSHOT.jar:/home/alberto/.m2/repository/com/lowagie/itext/2.1.7/itext-2.1.7.jar:/home/alberto/.m2/repository/org/pentaho/reporting/library/libformat/8.0-SNAPSHOT/libformat-8.0-SNAPSHOT.jar:/home/alberto/.m2/repository/org/pentaho/reporting/library/libformula/8.0-SNAPSHOT/libformula-8.0-SNAPSHOT.jar:/home/alberto/.m2/repository/org/pentaho/reporting/library/libloader/8.0-SNAPSHOT/libloader-8.0-SNAPSHOT.jar:/home/alberto/.m2/repository/org/pentaho/reporting/library/libpixie/8.0-SNAPSHOT/libpixie-8.0-SNAPSHOT.jar:/home/alberto/.m2/repository/org/apache/xmlgraphics/batik-anim/1.9.1/batik-anim-1.9.1.jar:/home/alberto/.m2/repository/org/apache/xmlgraphics/batik-awt-util/1.9.1/batik-awt-util-1.9.1.jar:/home/alberto/.m2/repository/org/apache/xmlgraphics/batik-bridge/1.9.1/batik-bridge-1.9.1.jar:/home/alberto/.m2/repository/org/apache/xmlgraphics/batik-css/1.9.1/batik-css-1.9.1.jar:/home/alberto/.m2/repository/org/apache/xmlgraphics/batik-dom/1.9.1/batik-dom-1.9.1.jar:/home/alberto/.m2/repository/org/apache/xmlgraphics/batik-ext/1.9.1/batik-ext-1.9.1.jar:/home/alberto/.m2/repository/org/apache/xmlgraphics/batik-gui-util/1.9.1/batik-gui-util-1.9.1.jar:/home/alberto/.m2/repository/org/apache/xmlgraphics/batik-gvt/1.9.1/batik-gvt-1.9.1.jar:/home/alberto/.m2/repository/org/apache/xmlgraphics/batik-parser/1.9.1/batik-parser-1.9.1.jar:/home/alberto/.m2/repository/org/apache/xmlgraphics/batik-script/1.9.1/batik-script-1.9.1.jar:/home/alberto/.m2/repository/org/apache/xmlgraphics/batik-svg-dom/1.9.1/batik-svg-dom-1.9.1.jar:/home/alberto/.m2/repository/org/apache/xmlgraphics/batik-util/1.9.1/batik-util-1.9.1.jar:/home/alberto/.m2/repository/org/apache/xmlgraphics/batik-xml/1.9.1/batik-xml-1.9.1.jar:/home/alberto/.m2/repository/org/apache/xmlgraphics/batik-codec/1.9.1/batik-codec-1.9.1.jar:/home/alberto/.m2/repository/org/apache/xmlgraphics/batik-transcoder/1.9.1/batik-transcoder-1.9.1.jar:/home/alberto/.m2/repository/org/apache/xmlgraphics/batik-constants/1.9.1/batik-constants-1.9.1.jar:/home/alberto/.m2/repository/org/apache/xmlgraphics/batik-i18n/1.9.1/batik-i18n-1.9.1.jar:/home/alberto/.m2/repository/xml-apis/xml-apis-ext/1.3.04/xml-apis-ext-1.3.04.jar:/home/alberto/.m2/repository/rhino/js/1.7R3/js-1.7R3.jar:/home/alberto/.m2/repository/net/sf/ehcache/ehcache-core/2.5.1/ehcache-core-2.5.1.jar:/home/alberto/.m2/repository/org/apache/xmlgraphics/xmlgraphics-commons/2.2/xmlgraphics-commons-2.2.jar:/home/alberto/.m2/repository/org/pentaho/reporting/library/librepository/8.0-SNAPSHOT/librepository-8.0-SNAPSHOT.jar:/home/alberto/.m2/repository/javax/mail/mail/1.4.7/mail-1.4.7.jar:/home/alberto/.m2/repository/org/pentaho/reporting/library/libserializer/8.0-SNAPSHOT/libserializer-8.0-SNAPSHOT.jar:/home/alberto/.m2/repository/org/pentaho/reporting/library/libxml/8.0-SNAPSHOT/libxml-8.0-SNAPSHOT.jar:/home/alberto/.m2/repository/org/pentaho/reporting/library/libbase/8.0-SNAPSHOT/libbase-8.0-SNAPSHOT.jar:/home/alberto/.m2/repository/pentaho-reporting-engine/pentaho-reporting-engine-classic-extensions/7.1-QAT-217/pentaho-reporting-engine-classic-extensions-7.1-QAT-217.jar:/home/alberto/.m2/repository/pentaho-reporting-engine/pentaho-reporting-engine-classic-core/7.1-QAT-217/pentaho-reporting-engine-classic-core-7.1-QAT-217.jar:/home/alberto/.m2/repository/pentaho-reporting-engine/pentaho-reporting-engine-legacy-charts/7.0.0.6-95/pentaho-reporting-engine-legacy-charts-7.0.0.6-95.jar:/home/alberto/.m2/repository/org/jfree/jfreechart/1.0.19/jfreechart-1.0.19.jar:/home/alberto/.m2/repository/org/jfree/jcommon/1.0.23/jcommon-1.0.23.jar:"/>
    <property name="sun.cpu.endian" value="little"/>
    <property name="user.home" value="/home/alberto"/>
    <property name="user.language" value="es"/>
    <property name="java.specification.vendor" value="Oracle Corporation"/>
    <property name="java.version.date" value="2020-07-14"/>
    <property name="java.home" value="/usr/lib/jvm/java-11-openjdk-amd64"/>
    <property name="file.separator" value="/"/>
    <property name="basedir" value="/home/alberto/git/repository/TFG"/>
    <property name="java.vm.compressedOopsMode" value="32-bit"/>
    <property name="line.separator" value="&#10;"/>
    <property name="java.specification.name" value="Java Platform API Specification"/>
    <property name="java.vm.specification.vendor" value="Oracle Corporation"/>
    <property name="java.awt.graphicsenv" value="sun.awt.X11GraphicsEnvironment"/>
    <property name="surefire.real.class.path" value="/home/alberto/git/repository/TFG/target/surefire/surefirebooter10075708692792864215.jar"/>
    <property name="sun.management.compiler" value="HotSpot 64-Bit Tiered Compilers"/>
    <property name="java.runtime.version" value="11.0.8+10-post-Ubuntu-0ubuntu118.04.1"/>
    <property name="user.name" value="alberto"/>
    <property name="path.separator" value=":"/>
    <property name="os.version" value="5.4.0-42-generic"/>
    <property name="java.runtime.name" value="OpenJDK Runtime Environment"/>
    <property name="file.encoding" value="UTF-8"/>
    <property name="java.vm.name" value="OpenJDK 64-Bit Server VM"/>
    <property name="localRepository" value="/home/alberto/.m2/repository"/>
    <property name="java.vendor.url.bug" value="https://bugs.launchpad.net/ubuntu/+source/openjdk-lts"/>
    <property name="java.io.tmpdir" value="/tmp"/>
    <property name="java.version" value="11.0.8"/>
    <property name="user.dir" value="/home/alberto/git/repository/TFG"/>
    <property name="os.arch" value="amd64"/>
    <property name="java.vm.specification.name" value="Java Virtual Machine Specification"/>
    <property name="java.awt.printerjob" value="sun.print.PSPrinterJob"/>
    <property name="sun.os.patch.level" value="unknown"/>
    <property name="java.library.path" value="/usr/java/packages/lib:/usr/lib/x86_64-linux-gnu/jni:/lib/x86_64-linux-gnu:/usr/lib/x86_64-linux-gnu:/usr/lib/jni:/lib:/usr/lib"/>
    <property name="java.vm.info" value="mixed mode, sharing"/>
    <property name="java.vendor" value="Ubuntu"/>
    <property name="java.vm.version" value="11.0.8+10-post-Ubuntu-0ubuntu118.04.1"/>
    <property name="sun.io.unicode.encoding" value="UnicodeLittle"/>
    <property name="java.class.version" value="55.0"/>
  </properties>
  <testcase name="test" classname="Test.MatchFilterIObjectTest" time="0"/>
</testsuite>